<?xml version="1.0" encoding="UTF-8"?>
<testng-results total="1" passed="1" failed="0" skipped="0">
  <reporter-output>
  </reporter-output>
  <suite started-at="2021-10-20T18:23:29Z" name="Surefire suite" finished-at="2021-10-20T18:23:29Z" duration-ms="54">
    <groups>
    </groups>
    <test started-at="2021-10-20T18:23:29Z" name="Surefire test" finished-at="2021-10-20T18:23:29Z" duration-ms="54">
      <class name="qualicoach.AppTest">
        <test-method signature="shouldAnswerWithTrue()[pri:0, instance:shouldAnswerWithTrue(qualicoach.AppTest)]" started-at="2021-10-20T23:53:29Z" name="shouldAnswerWithTrue" finished-at="2021-10-20T23:53:29Z" duration-ms="2" status="PASS">
          <reporter-output>
          </reporter-output>
        </test-method> <!-- shouldAnswerWithTrue -->
      </class> <!-- qualicoach.AppTest -->
    </test> <!-- Surefire test -->
  </suite> <!-- Surefire suite -->
</testng-results>
